mod	trans_guid	split_guid	time_now	date_entered	date_posted	acc_guid	acc_name	num	description	notes	memo	action	reconciled	amount	value	date_reconciled
-----------------
===== START
===== END
===== START
D	04006db0034f4ae0b17f24462dc1fc83	91d29c07bcc64f8d9a693a94f700da58	2019-11-02 04:51:43	2019-11-02 04:51:43	2019-11-02 10:59:00								n	0/1	0/100	1970-01-01 00:00:00
===== END
===== START
===== END
===== START
D	3bb76efd53b24c6c870074cd5f978c6f	c2f560d3a2484b228ba7cd1aca2eb586	2019-11-02 04:54:04	2019-11-02 04:54:04	2019-11-02 10:59:00								n	0/1	0/100	1970-01-01 00:00:00
===== END
===== START
===== END
===== START
D	3bc937a9c3ff4ddea6f59790078e39d9	6fd359d1e0834f55b8602b6f7ee1daf2	2019-11-02 04:56:31	2019-11-02 04:56:31	2019-11-02 10:59:00								n	0/1	0/100	1970-01-01 00:00:00
===== END
===== START
===== END
===== START
D	cc6d7921f753407488bb61ff9f07ea4b	3eea7acddbd04934aea1ee57237a7308	2019-11-02 04:56:44	2019-11-02 04:56:44	2019-11-02 10:59:00								n	0/1	0/100	1970-01-01 00:00:00
===== END
===== START
===== END
===== START
D	b591b50e677d435a807b2b0f39473246	ad3cb906a63640448eb07e45646d3a07	2019-11-02 04:59:14	2019-11-02 04:59:14	2019-11-02 10:59:00								n	0/1	0/100	1970-01-01 00:00:00
===== END
