mod	trans_guid	split_guid	time_now	date_entered	date_posted	acc_guid	acc_name	num	description	notes	memo	action	reconciled	amount	value	date_reconciled
-----------------
===== START
===== END
===== START
C	1707acf7f84a465abff29e665dbf6b13	6f25756fe9734e69ae848962e977200b	2019-10-13 07:55:02	2019-10-13 07:55:02	2019-10-13 10:59:00	d014f83c2cba7788412c3e8c7e0dc60d	Payroll Expenses						n	0/100	0/100	1970-01-01 00:00:00
===== END
===== START
===== END
===== START
D	e7498388ff144bf5a81b43e41f4487a0	1274be040ca04062bb3d25777ab38d6e	2019-10-13 07:55:44	2019-10-13 07:55:44	2019-10-13 10:59:00								n	0/1	0/100	1970-01-01 00:00:00
===== END
===== START
===== END
===== START
B	1707acf7f84a465abff29e665dbf6b13	6f25756fe9734e69ae848962e977200b	2019-10-13 07:56:01	2019-10-13 07:55:02	2019-10-13 10:59:00	d014f83c2cba7788412c3e8c7e0dc60d	Payroll Expenses						n	0/100	0/100	1970-01-01 00:00:00
===== END
===== START
R	1707acf7f84a465abff29e665dbf6b13	6f25756fe9734e69ae848962e977200b	2019-10-13 07:56:08	2019-10-13 07:55:02	2019-10-13 10:59:00	d014f83c2cba7788412c3e8c7e0dc60d	Payroll Expenses						n	0/100	0/100	1970-01-01 00:00:00
===== END
===== START
B	1707acf7f84a465abff29e665dbf6b13	6f25756fe9734e69ae848962e977200b	2019-10-13 07:56:17	2019-10-13 07:55:02	2019-10-13 10:59:00	d014f83c2cba7788412c3e8c7e0dc60d	Payroll Expenses						n	0/100	0/100	1970-01-01 00:00:00
===== END
===== START
D	1707acf7f84a465abff29e665dbf6b13	6f25756fe9734e69ae848962e977200b	2019-10-13 07:56:17	2019-10-13 07:55:02	2019-10-13 10:59:00	d014f83c2cba7788412c3e8c7e0dc60d	Payroll Expenses						n	0/100	0/100	1970-01-01 00:00:00
===== END
===== START
D	4d8e2127720e4ea19778bd0157501c26	441215ea0e2d4453be3318a0bf1f2ef6	2019-10-13 07:56:47	2019-10-13 07:56:47	2019-10-13 10:59:00								n	0/1	0/100	1970-01-01 00:00:00
===== END
===== START
===== END
===== START
D	a096c6cadf694ffe906e6d9d406854a3	24ffca0ec4dc43039a49aa4500ce6ab7	2019-10-13 07:56:59	2019-10-13 07:56:59	2019-10-13 10:59:00								n	0/1	0/100	1970-01-01 00:00:00
===== END
