mod	trans_guid	split_guid	time_now	date_entered	date_posted	acc_guid	acc_name	num	description	notes	memo	action	reconciled	amount	value	date_reconciled
-----------------
===== START
D	c0bcc9195c2b4000afae89fe06d12175	8cd7df4a6e9d4ec3a5869063e36db3f4	2019-11-02 06:49:04	2019-11-02 06:49:04	2019-11-02 10:59:00								n	0/1	0/100	1970-01-01 00:00:00
===== END
===== START
===== END
===== START
C	e4139b519b0a48b0b7ee7f79d593614a	7ed1df947c804db5a4ede02700d8aef4	2019-11-02 06:50:00	2019-11-02 06:50:00	2019-11-02 10:59:00	74c1807ef0e3d1146f832691d0d07b87	Dad 7494		Balance in Dad's pension account				n	-18448340/100	-18448340/100	1970-01-01 00:00:00
C	e4139b519b0a48b0b7ee7f79d593614a	ec9bffad2ae74836911015658eceed5c	2019-11-02 06:50:00	2019-11-02 06:50:00	2019-11-02 10:59:00	74c1807ef0e3d1146f832691d0d07b87	Dad 7494		Balance in Dad's pension account				n	18448340/100	18448340/100	1970-01-01 00:00:00
===== END
===== START
===== END
===== START
B	e4139b519b0a48b0b7ee7f79d593614a	ec9bffad2ae74836911015658eceed5c	2019-11-02 06:50:26	2019-11-02 06:50:00	2019-11-02 10:59:00	74c1807ef0e3d1146f832691d0d07b87	Dad 7494		Balance in Dad's pension account				n	18448340/100	18448340/100	1970-01-01 00:00:00
B	e4139b519b0a48b0b7ee7f79d593614a	7ed1df947c804db5a4ede02700d8aef4	2019-11-02 06:50:26	2019-11-02 06:50:00	2019-11-02 10:59:00	74c1807ef0e3d1146f832691d0d07b87	Dad 7494		Balance in Dad's pension account				n	-18448340/100	-18448340/100	1970-01-01 00:00:00
===== END
===== START
D	e4139b519b0a48b0b7ee7f79d593614a	ec9bffad2ae74836911015658eceed5c	2019-11-02 06:50:36	2019-11-02 06:50:00	2019-11-02 10:59:00	74c1807ef0e3d1146f832691d0d07b87	Dad 7494		Balance in Dad's pension account				n	18448340/100	18448340/100	1970-01-01 00:00:00
D	e4139b519b0a48b0b7ee7f79d593614a	7ed1df947c804db5a4ede02700d8aef4	2019-11-02 06:50:36	2019-11-02 06:50:00	2019-11-02 10:59:00	74c1807ef0e3d1146f832691d0d07b87	Dad 7494		Balance in Dad's pension account				n	-18448340/100	-18448340/100	1970-01-01 00:00:00
===== END
===== START
D	39b4d3a623fb4c21943ff308f0ee25cb	825e3ac44dc6460fb0d16081da9c2448	2019-11-02 06:50:41	2019-11-02 06:50:41	2019-11-02 10:59:00								n	0/1	0/100	1970-01-01 00:00:00
===== END
