mod	trans_guid	split_guid	time_now	date_entered	date_posted	acc_guid	acc_name	num	description	notes	memo	action	reconciled	amount	value	date_reconciled
-----------------
===== START
D	1221aa729af14203b3a8f334217c9002	0bffb84dbae14445a613deef31c56b16	2019-11-02 06:59:30	2019-11-02 06:59:30	2019-11-02 10:59:00								n	0/1	0/100	1970-01-01 00:00:00
===== END
===== START
===== END
===== START
D	6b6bcc8aaaa74f04901e34de46d4360e	46d8252c552c4b2c88e3b801bdc673d4	2019-11-02 06:59:51	2019-11-02 06:59:51	2019-11-02 10:59:00								n	0/1	0/100	1970-01-01 00:00:00
===== END
===== START
===== END
===== START
D	3fb5881f07954fccbfc9abc8a8ba434f	334fbfed8d2d40f68eff44842ee8521d	2019-11-02 07:00:12	2019-11-02 07:00:12	2019-11-02 10:59:00								n	0/1	0/100	1970-01-01 00:00:00
===== END
===== START
===== END
===== START
B	6c6297aff71c4cb913c33431445fc461	fc27d364ca4109b4cd235730299fe3a0	2019-11-02 07:03:30	2018-04-01 15:57:41	2018-03-29 18:30:00	7e19809098f0427394ead12c2d96133b	Guava Fert etc	11258	Saraswati Beej Bhandar			Bill	n	170000/100	170000/100	1970-01-01 00:00:00
B	6c6297aff71c4cb913c33431445fc461	18908769023c899bf73546191d911c2a	2019-11-02 07:03:30	2018-04-01 15:57:41	2018-03-29 18:30:00	a204eb55108fc7b46a3a9e30bbb38227	Accounts Payable	11258	Saraswati Beej Bhandar			Bill	n	-170000/100	-170000/100	1970-01-01 00:00:00
===== END
===== START
C	6c6297aff71c4cb913c33431445fc461	fc27d364ca4109b4cd235730299fe3a0	2019-11-02 07:03:30	2018-04-01 15:57:41	2018-03-29 18:30:00	7e19809098f0427394ead12c2d96133b	Guava Fert etc	11258	Saraswati Beej Bhandar			Bill	n	170000/100	170000/100	1970-01-01 00:00:00
C	6c6297aff71c4cb913c33431445fc461	18908769023c899bf73546191d911c2a	2019-11-02 07:03:30	2018-04-01 15:57:41	2018-03-29 18:30:00	a204eb55108fc7b46a3a9e30bbb38227	Accounts Payable	11258	Saraswati Beej Bhandar			Bill	n	-170000/100	-170000/100	1970-01-01 00:00:00
===== END
===== START
B	6c6297aff71c4cb913c33431445fc461	fc27d364ca4109b4cd235730299fe3a0	2019-11-02 07:03:30	2018-04-01 15:57:41	2018-03-29 18:30:00	7e19809098f0427394ead12c2d96133b	Guava Fert etc	11258	Saraswati Beej Bhandar			Bill	n	170000/100	170000/100	1970-01-01 00:00:00
B	6c6297aff71c4cb913c33431445fc461	18908769023c899bf73546191d911c2a	2019-11-02 07:03:30	2018-04-01 15:57:41	2018-03-29 18:30:00	a204eb55108fc7b46a3a9e30bbb38227	Accounts Payable	11258	Saraswati Beej Bhandar			Bill	n	-170000/100	-170000/100	1970-01-01 00:00:00
===== END
===== START
D	6c6297aff71c4cb913c33431445fc461	fc27d364ca4109b4cd235730299fe3a0	2019-11-02 07:03:30	2018-04-01 15:57:41	2018-03-29 18:30:00	7e19809098f0427394ead12c2d96133b	Guava Fert etc	11258	Saraswati Beej Bhandar			Bill	n	170000/100	170000/100	1970-01-01 00:00:00
D	6c6297aff71c4cb913c33431445fc461	18908769023c899bf73546191d911c2a	2019-11-02 07:03:30	2018-04-01 15:57:41	2018-03-29 18:30:00	a204eb55108fc7b46a3a9e30bbb38227	Accounts Payable	11258	Saraswati Beej Bhandar			Bill	n	-170000/100	-170000/100	1970-01-01 00:00:00
===== END
===== START
D	571f2e596bc643fe81f37798de5945a8	7b15af4e5abc4edeb76ffdafb2cca86a	2019-11-02 07:03:53	2019-11-02 07:03:53	2019-11-02 10:59:00								n	0/1	0/100	1970-01-01 00:00:00
===== END
===== START
===== END
===== START
B	200b41e569d1426b9c747a73b418aec6	a1cb7c000f044dc1aa4aabf972d3f553	2019-11-02 07:04:20	2019-11-02 06:16:18	2019-11-02 10:59:00	53eaf7f8d7ef7ddb01c9fa753800850c	Equity						n	170000/100	170000/100	1970-01-01 00:00:00
B	200b41e569d1426b9c747a73b418aec6	3dd9bd9d77444fb8a62d93cde0e50622	2019-11-02 07:04:20	2019-11-02 06:16:18	2019-11-02 10:59:00	7e19809098f0427394ead12c2d96133b	Guava Fert etc						n	-170000/100	-170000/100	1970-01-01 00:00:00
===== END
===== START
D	200b41e569d1426b9c747a73b418aec6	a1cb7c000f044dc1aa4aabf972d3f553	2019-11-02 07:04:20	2019-11-02 06:16:18	2019-11-02 10:59:00	53eaf7f8d7ef7ddb01c9fa753800850c	Equity						n	170000/100	170000/100	1970-01-01 00:00:00
D	200b41e569d1426b9c747a73b418aec6	3dd9bd9d77444fb8a62d93cde0e50622	2019-11-02 07:04:20	2019-11-02 06:16:18	2019-11-02 10:59:00	7e19809098f0427394ead12c2d96133b	Guava Fert etc						n	-170000/100	-170000/100	1970-01-01 00:00:00
===== END
===== START
D	1d9abc0fb0f14ad6b81901237aa67e4a	bac5f540f7e34b25bef834b1c0453598	2019-11-02 07:04:22	2019-11-02 07:04:22	2019-11-02 10:59:00								n	0/1	0/100	1970-01-01 00:00:00
===== END
