mod	trans_guid	split_guid	time_now	date_entered	date_posted	acc_guid	acc_name	num	description	notes	memo	action	reconciled	amount	value	date_reconciled
-----------------
===== START
D	b9929fc248744e3e90e0aae9005842ba	4e452bc33dd44e399e666247b7e952d5	2019-11-02 07:15:14	2019-11-02 07:15:14	2019-11-02 10:59:00								n	0/1	0/100	1970-01-01 00:00:00
===== END
===== START
===== END
===== START
D	91f45944ba7241dd8f1b41db9c126030	4b948438a5064886a899d9d838b6d62b	2019-11-02 07:15:46	2019-11-02 07:15:46	2019-11-02 10:59:00								n	0/1	0/100	1970-01-01 00:00:00
===== END
===== START
===== END
===== START
B	f42b9f8ead35211702f09b224bff0bc3	c69e5018ebc3b2092a1d16c135b62066	2019-11-02 07:18:24	2018-04-21 11:17:45	2018-04-20 18:30:00	45d65d38b2bd0e76a1697c35b597a6c9	Dad 3493		Wrorking cap				n	3000000/100	3000000/100	1970-01-01 00:00:00
B	f42b9f8ead35211702f09b224bff0bc3	242bccfcd8d6bdb34a00aa53ea165bf6	2019-11-02 07:18:24	2018-04-21 11:17:45	2018-04-20 18:30:00	35f2e5b4bf508bbf838a23397d17c9af	Deepak		Wrorking cap				n	-3000000/100	-3000000/100	1970-01-01 00:00:00
===== END
===== START
D	f42b9f8ead35211702f09b224bff0bc3	c69e5018ebc3b2092a1d16c135b62066	2019-11-02 07:18:24	2018-04-21 11:17:45	2018-04-20 18:30:00	45d65d38b2bd0e76a1697c35b597a6c9	Dad 3493		Wrorking cap				n	3000000/100	3000000/100	1970-01-01 00:00:00
D	f42b9f8ead35211702f09b224bff0bc3	242bccfcd8d6bdb34a00aa53ea165bf6	2019-11-02 07:18:24	2018-04-21 11:17:45	2018-04-20 18:30:00	35f2e5b4bf508bbf838a23397d17c9af	Deepak		Wrorking cap				n	-3000000/100	-3000000/100	1970-01-01 00:00:00
===== END
