mod	trans_guid	split_guid	time_now	date_entered	date_posted	acc_guid	acc_name	num	description	notes	memo	action	reconciled	amount	value	date_reconciled
-----------------
===== START
D	ac86c01a452c48c5b564d6ae4dc01e5f	94e16212e4b94f66978496da828c5d2b	2019-11-02 07:18:37	2019-11-02 07:18:37	2019-11-02 10:59:00								n	0/1	0/100	1970-01-01 00:00:00
===== END
===== START
===== END
===== START
===== END
===== START
D	8e4f0024fb1b4cefb4d65fe85f51dbaf	73bca8d066d54380899cd61f2a4522cd	2019-11-02 07:19:06	2019-11-02 07:19:06	2019-11-02 10:59:00								n	0/1	0/100	1970-01-01 00:00:00
===== END
===== START
D	0ca295ee55784cb3bd51cc2d16993208	82949bcf983a417b935e92a15a617cf1	2019-11-02 07:19:07	2019-11-02 07:19:07	2019-11-02 10:59:00								n	0/1	0/100	1970-01-01 00:00:00
===== END
===== START
===== END
===== START
D	a8ca0b451548447ba43ca27572641965	c05e879509da4b3da4c093abb82bfcab	2019-11-02 07:19:11	2019-11-02 07:19:11	2019-11-02 10:59:00								n	0/1	0/100	1970-01-01 00:00:00
===== END
===== START
===== END
===== START
D	71f79ff2cadc4f0fa509fa03b75e611a	304b2d1672df48f09b36449505a61451	2019-11-02 07:19:13	2019-11-02 07:19:13	2019-11-02 10:59:00								n	0/1	0/100	1970-01-01 00:00:00
===== END
===== START
===== END
===== START
D	96fab186d876435f945e0c0a9e15ad39	f7f663d798d94efe85a44a4d0c7ba86b	2019-11-02 07:19:16	2019-11-02 07:19:16	2019-11-02 10:59:00								n	0/1	0/100	1970-01-01 00:00:00
===== END
===== START
===== END
===== START
D	d77f57cf3cbd48eb874cd2be053dc331	3221e8eb4fa044ada54855ad10e49e8d	2019-11-02 07:19:20	2019-11-02 07:19:20	2019-11-02 10:59:00								n	0/1	0/100	1970-01-01 00:00:00
===== END
===== START
===== END
===== START
D	e623414fd7c144ecbbbef51d3b5d9d87	347085e77e2b4d5bacd3459f582e1de9	2019-11-02 07:19:22	2019-11-02 07:19:22	2019-11-02 10:59:00								n	0/1	0/100	1970-01-01 00:00:00
===== END
